nohup: ignoring input

> academic-records-api@1.0.0 dev
> ts-node src/index.ts

[32minfo[39m: Loaded identity: NITWarangalMSP-admin {"service":"academic-records-api","timestamp":"2025-11-17T06:24:43.071Z"}
[32minfo[39m: Loaded identity: StudentsMSP-admin {"service":"academic-records-api","timestamp":"2025-11-17T06:24:43.075Z"}
[32minfo[39m: Loaded identity: VerifiersMSP-admin {"service":"academic-records-api","timestamp":"2025-11-17T06:24:43.076Z"}
[32minfo[39m: Wallet initialized with 3 identities {"service":"academic-records-api","timestamp":"2025-11-17T06:24:43.076Z"}
[33mwarn[39m: Identity "Org1MSP-admin" not found. Available identities: NITWarangalMSP-admin, StudentsMSP-admin, VerifiersMSP-admin {"service":"academic-records-api","timestamp":"2025-11-17T06:24:43.076Z"}
[32minfo[39m: Using first available identity: NITWarangalMSP-admin {"service":"academic-records-api","timestamp":"2025-11-17T06:24:43.077Z"}
[32minfo[39m: Attempting to connect to Fabric network... {"service":"academic-records-api","timestamp":"2025-11-17T06:24:43.077Z"}
[33mwarn[39m: Could not connect to Fabric network: Error: ENOENT: no such file or directory, open '/tmp/nit-network/fabric-samples/test-network/organizations/peerOrganizations/org1.example.com/peers/peer0.org1.example.com/tls/ca.crt' {"service":"academic-records-api","timestamp":"2025-11-17T06:24:43.190Z"}
[32minfo[39m: ✅ Blockchain operations enabled with cryptographic verification {"service":"academic-records-api","timestamp":"2025-11-17T06:24:43.191Z"}
Error: listen EADDRINUSE: address already in use :::3000
    at Server.setupListenHandle [as _listen2] (node:net:1908:16)
    at listenInCluster (node:net:1965:12)
    at Server.listen (node:net:2067:7)
    at Function.listen (/home/hp/Academic Records/nit-warangal-network/application-typescript/node_modules/express/lib/application.js:635:24)
    at Server.start (/home/hp/Academic Records/nit-warangal-network/application-typescript/src/index.ts:132:16) {
  code: 'EADDRINUSE',
  errno: -98,
  syscall: 'listen',
  address: '::',
  port: 3000
}
